<?xml version="1.0" encoding="UTF-8"?>
<!-- Generated by org.testng.reporters.JUnitXMLReporter -->
<testsuite hostname="DESKTOP-1LE36FS" name="test4Demo" tests="6" failures="0" timestamp="19 Aug 2019 07:09:43 GMT" time="1.352" errors="0">
  <testcase name="runScenario" time="1.151" classname="sence.createServerTest"/>
  <testcase name="runScenario" time="0.05" classname="sence.createServerTest"/>
  <testcase name="runScenario" time="0.016" classname="sence.loginTest"/>
  <testcase name="runScenario" time="0.015" classname="sence.loginTest"/>
  <testcase name="runScenario" time="0.012" classname="sence.loginTest"/>
  <testcase name="runScenario" time="0.013" classname="sence.loginTest"/>
</testsuite> <!-- test4Demo -->
