<?xml version="1.0" encoding="UTF-8" ?>
<testsuite tests="6" failures="0" name="TestSuite" time="2.569" errors="0" skipped="0">
  <properties>
[...]
</properties>
  <testcase classname="sence.createServerTest" name="runScenario" time="1.152"/>
  <testcase classname="sence.createServerTest" name="runScenario" time="0.049"/>
  <testcase classname="sence.loginTest" name="runScenario" time="0.016"/>
  <testcase classname="sence.loginTest" name="runScenario" time="0.015"/>
  <testcase classname="sence.loginTest" name="runScenario" time="0.012"/>
  <testcase classname="sence.loginTest" name="runScenario" time="0.013"/>
</testsuite>