<?xml version="1.0" encoding="UTF-8"?>
<testsuite name="TestSuite" time="1.529" tests="6" errors="0" skipped="0" failures="1">
  <properties>
[...]
</properties>
  <testcase name="runScenario" classname="sence.createServerTest" time="1.338"/>
  <testcase name="runScenario" classname="sence.createServerTest" time="0.05"/>
  <testcase name="runScenario" classname="sence.loginTest" time="0.014"/>
  <testcase name="runScenario" classname="sence.loginTest" time="0.011"/>
  <testcase name="runScenario" classname="sence.loginTest" time="0.012"/>
  <testcase name="runScenario" classname="sence.loginTest" time="0.104">
    <failure message="04 - case5:输入错误密码123&#10; throw an exception:&#10;java.lang.RuntimeException: Invoke class (sence.loginTest.java:1) method[checkMsg] error:&#10;Invoke spec method[checkMsg] error:java.lang.AssertionError: expected [用户名不存在！] but found [密码不正确！]!&#10;java.lang.RuntimeException: Invoke class (sence.loginTest.java:1) method[checkMsg] error:&#10;Invoke spec method[checkMsg] error:java.lang.AssertionError: expected [用户名不存在！] but found [密码不正确！]!&#10;	at org.test4j.spec.JSpecExecutorFactory.runSingleStep(JSpecExecutorFactory.java:216)&#10;	at org.test4j.spec.JSpecExecutorFactory.runScenario(JSpecExecutorFactory.java:178)&#10;	at org.test4j.testng.JSpec.run(JSpec.java:75)&#10;	at sence.loginTest.runScenario(loginTest.java:23)&#10;	at sun.reflect.NativeMethodAccessorImpl.invoke0(Native Method)&#10;	at sun.reflect.NativeMethodAccessorImpl.invoke(NativeMethodAccessorImpl.java:62)&#10;	at sun.reflect.DelegatingMethodAccessorImpl.invoke(DelegatingMethodAccessorImpl.java:43)&#10;	at java.lang.reflect.Method.invoke(Method.java:498)&#10;	at org.testng.internal.MethodInvocationHelper.invokeMethod(MethodInvocationHelper.java:80)&#10;	at org.testng.internal.MethodInvocationHelper$1.runTestMethod(MethodInvocationHelper.java:182)&#10;	at org.test4j.testng.Test4JHookable.run(Test4JHookable.java:56)&#10;	at sun.reflect.NativeMethodAccessorImpl.invoke0(Native Method)&#10;	at sun.reflect.NativeMethodAccessorImpl.invoke(NativeMethodAccessorImpl.java:62)&#10;	at sun.reflect.DelegatingMethodAccessorImpl.invoke(DelegatingMethodAccessorImpl.java:43)&#10;	at java.lang.reflect.Method.invoke(Method.java:498)&#10;	at org.testng.internal.MethodInvocationHelper.invokeHookable(MethodInvocationHelper.java:194)&#10;	at org.testng.internal.Invoker.invokeMethod(Invoker.java:707)&#10;	at org.testng.internal.Invoker.invokeTestMethod(Invoker.java:901)&#10;	at org.testng.internal.Invoker.invokeTestMethods(Invoker.java:1231)&#10;	at org.testng.internal.TestMethodWorker.invokeTestMethods(TestMethodWorker.java:127)&#10;	at org.testng.internal.TestMethodWorker.run(TestMethodWorker.java:111)&#10;	at org.testng.TestRunner.privateRun(TestRunner.java:767)&#10;	at org.testng.TestRunner.run(TestRunner.java:617)&#10;	at org.testng.SuiteRunner.runTest(SuiteRunner.java:334)&#10;	at org.testng.SuiteRunner.runSequentially(SuiteRunner.java:329)&#10;	at org.testng.SuiteRunner.privateRun(SuiteRunner.java:291)&#10;	at org.testng.SuiteRunner.run(SuiteRunner.java:240)&#10;	at org.testng.SuiteRunnerWorker.runSuite(SuiteRunnerWorker.java:52)&#10;	at org.testng.SuiteRunnerWorker.run(SuiteRunnerWorker.java:86)&#10;	at org.testng.TestNG.runSuitesSequentially(TestNG.java:1198)&#10;	at org.testng.TestNG.runSuitesLocally(TestNG.java:1123)&#10;	at org.testng.TestNG.run(TestNG.java:1031)&#10;	at org.apache.maven.surefire.testng.TestNGExecutor.run(TestNGExecutor.java:293)&#10;	at org.apache.maven.surefire.testng.TestNGXmlTestSuite.execute(TestNGXmlTestSuite.java:84)&#10;	at org.apache.maven.surefire.testng.TestNGProvider.invoke(TestNGProvider.java:91)&#10;	at org.apache.maven.surefire.booter.ForkedBooter.invokeProviderInSameClassLoader(ForkedBooter.java:200)&#10;	at org.apache.maven.surefire.booter.ForkedBooter.runSuitesInProcess(ForkedBooter.java:153)&#10;	at org.apache.maven.surefire.booter.ForkedBooter.main(ForkedBooter.java:103)&#10;Caused by: java.lang.RuntimeException: Invoke spec method[checkMsg] error:java.lang.AssertionError: expected [用户名不存在！] but found [密码不正确！]&#10;	at org.test4j.spec.scenario.step.SpecMethod.execute(SpecMethod.java:98)&#10;	at org.test4j.spec.JSpecExecutorFactory.runSingleStep(JSpecExecutorFactory.java:210)&#10;	... 37 more&#10;Caused by: java.lang.RuntimeException: java.lang.AssertionError: expected [用户名不存在！] but found [密码不正确！]&#10;	at org.test4j.tools.commons.ExceptionWrapper.wrapWithRuntimeException(ExceptionWrapper.java:106)&#10;	at org.test4j.tools.reflector.MethodAccessor.invokeUnThrow(MethodAccessor.java:75)&#10;	at org.test4j.spec.scenario.step.SpecMethod.execute(SpecMethod.java:93)&#10;	... 38 more&#10;Caused by: java.lang.AssertionError: expected [用户名不存在！] but found [密码不正确！]&#10;	at org.testng.Assert.fail(Assert.java:94)&#10;	at org.testng.Assert.failNotEquals(Assert.java:494)&#10;	at org.testng.Assert.assertEquals(Assert.java:123)&#10;	at org.testng.Assert.assertEquals(Assert.java:176)&#10;	at org.testng.Assert.assertEquals(Assert.java:186)&#10;	at sence.loginTest.checkMsg(loginTest.java:55)&#10;	at sun.reflect.NativeMethodAccessorImpl.invoke0(Native Method)&#10;	at sun.reflect.NativeMethodAccessorImpl.invoke(NativeMethodAccessorImpl.java:62)&#10;	at sun.reflect.DelegatingMethodAccessorImpl.invoke(DelegatingMethodAccessorImpl.java:43)&#10;	at java.lang.reflect.Method.invoke(Method.java:498)&#10;	at org.test4j.tools.reflector.MethodAccessor.invoke(MethodAccessor.java:49)&#10;	at org.test4j.tools.reflector.MethodAccessor.invokeUnThrow(MethodAccessor.java:72)&#10;	... 39 more&#10;&#10;04 - case5:输入错误密码123 throw errors at:" type="org.test4j.spec.exceptions.ScenarioAssertError">org.test4j.spec.exceptions.ScenarioAssertError: 04 - case5:输入错误密码123
 throw an exception:
java.lang.RuntimeException: Invoke class (sence.loginTest.java:1) method[checkMsg] error:
Invoke spec method[checkMsg] error:java.lang.AssertionError: expected [用户名不存在！] but found [密码不正确！]!
java.lang.RuntimeException: Invoke class (sence.loginTest.java:1) method[checkMsg] error:
Invoke spec method[checkMsg] error:java.lang.AssertionError: expected [用户名不存在！] but found [密码不正确！]!
	at org.test4j.spec.JSpecExecutorFactory.runSingleStep(JSpecExecutorFactory.java:216)
	at org.test4j.spec.JSpecExecutorFactory.runScenario(JSpecExecutorFactory.java:178)
	at org.test4j.testng.JSpec.run(JSpec.java:75)
	at sence.loginTest.runScenario(loginTest.java:23)
	at sun.reflect.NativeMethodAccessorImpl.invoke0(Native Method)
	at sun.reflect.NativeMethodAccessorImpl.invoke(NativeMethodAccessorImpl.java:62)
	at sun.reflect.DelegatingMethodAccessorImpl.invoke(DelegatingMethodAccessorImpl.java:43)
	at java.lang.reflect.Method.invoke(Method.java:498)
	at org.testng.internal.MethodInvocationHelper.invokeMethod(MethodInvocationHelper.java:80)
	at org.testng.internal.MethodInvocationHelper$1.runTestMethod(MethodInvocationHelper.java:182)
	at org.test4j.testng.Test4JHookable.run(Test4JHookable.java:56)
	at sun.reflect.NativeMethodAccessorImpl.invoke0(Native Method)
	at sun.reflect.NativeMethodAccessorImpl.invoke(NativeMethodAccessorImpl.java:62)
	at sun.reflect.DelegatingMethodAccessorImpl.invoke(DelegatingMethodAccessorImpl.java:43)
	at java.lang.reflect.Method.invoke(Method.java:498)
	at org.testng.internal.MethodInvocationHelper.invokeHookable(MethodInvocationHelper.java:194)
	at org.testng.internal.Invoker.invokeMethod(Invoker.java:707)
	at org.testng.internal.Invoker.invokeTestMethod(Invoker.java:901)
	at org.testng.internal.Invoker.invokeTestMethods(Invoker.java:1231)
	at org.testng.internal.TestMethodWorker.invokeTestMethods(TestMethodWorker.java:127)
	at org.testng.internal.TestMethodWorker.run(TestMethodWorker.java:111)
	at org.testng.TestRunner.privateRun(TestRunner.java:767)
	at org.testng.TestRunner.run(TestRunner.java:617)
	at org.testng.SuiteRunner.runTest(SuiteRunner.java:334)
	at org.testng.SuiteRunner.runSequentially(SuiteRunner.java:329)
	at org.testng.SuiteRunner.privateRun(SuiteRunner.java:291)
	at org.testng.SuiteRunner.run(SuiteRunner.java:240)
	at org.testng.SuiteRunnerWorker.runSuite(SuiteRunnerWorker.java:52)
	at org.testng.SuiteRunnerWorker.run(SuiteRunnerWorker.java:86)
	at org.testng.TestNG.runSuitesSequentially(TestNG.java:1198)
	at org.testng.TestNG.runSuitesLocally(TestNG.java:1123)
	at org.testng.TestNG.run(TestNG.java:1031)
	at org.apache.maven.surefire.testng.TestNGExecutor.run(TestNGExecutor.java:293)
	at org.apache.maven.surefire.testng.TestNGXmlTestSuite.execute(TestNGXmlTestSuite.java:84)
	at org.apache.maven.surefire.testng.TestNGProvider.invoke(TestNGProvider.java:91)
	at org.apache.maven.surefire.booter.ForkedBooter.invokeProviderInSameClassLoader(ForkedBooter.java:200)
	at org.apache.maven.surefire.booter.ForkedBooter.runSuitesInProcess(ForkedBooter.java:153)
	at org.apache.maven.surefire.booter.ForkedBooter.main(ForkedBooter.java:103)
Caused by: java.lang.RuntimeException: Invoke spec method[checkMsg] error:java.lang.AssertionError: expected [用户名不存在！] but found [密码不正确！]
	at org.test4j.spec.scenario.step.SpecMethod.execute(SpecMethod.java:98)
	at org.test4j.spec.JSpecExecutorFactory.runSingleStep(JSpecExecutorFactory.java:210)
	... 37 more
Caused by: java.lang.RuntimeException: java.lang.AssertionError: expected [用户名不存在！] but found [密码不正确！]
	at org.test4j.tools.commons.ExceptionWrapper.wrapWithRuntimeException(ExceptionWrapper.java:106)
	at org.test4j.tools.reflector.MethodAccessor.invokeUnThrow(MethodAccessor.java:75)
	at org.test4j.spec.scenario.step.SpecMethod.execute(SpecMethod.java:93)
	... 38 more
Caused by: java.lang.AssertionError: expected [用户名不存在！] but found [密码不正确！]
	at org.testng.Assert.fail(Assert.java:94)
	at org.testng.Assert.failNotEquals(Assert.java:494)
	at org.testng.Assert.assertEquals(Assert.java:123)
	at org.testng.Assert.assertEquals(Assert.java:176)
	at org.testng.Assert.assertEquals(Assert.java:186)
	at sence.loginTest.checkMsg(loginTest.java:55)
	at sun.reflect.NativeMethodAccessorImpl.invoke0(Native Method)
	at sun.reflect.NativeMethodAccessorImpl.invoke(NativeMethodAccessorImpl.java:62)
	at sun.reflect.DelegatingMethodAccessorImpl.invoke(DelegatingMethodAccessorImpl.java:43)
	at java.lang.reflect.Method.invoke(Method.java:498)
	at org.test4j.tools.reflector.MethodAccessor.invoke(MethodAccessor.java:49)
	at org.test4j.tools.reflector.MethodAccessor.invokeUnThrow(MethodAccessor.java:72)
	... 39 more

04 - case5:输入错误密码123 throw errors at:
	at org.test4j.spec.JSpecExecutorFactory.runScenario(JSpecExecutorFactory.java:191)
	at org.test4j.testng.JSpec.run(JSpec.java:75)
	at sence.loginTest.runScenario(loginTest.java:23)
</failure>
    <system-out><![CDATA[=============閹笛嗩攽缂佹挻鐏�: Success=============
INFO: End executing test method[sence.loginTest . runScenario ()] in thread[1].

INFO: 
Begin executing test method[sence.loginTest . runScenario ()] in thread[1].
=============閹笛嗩攽閻€劌濮忛弬瑙勭《: loginTest.runScenario(org.test4j.spec.inner.IScenario)[pri:0, instance:sence.loginTest@4667ae56]===============
http://localhost:8081/api/user/login
{"success":false,"message":"鐢ㄦ埛鍚嶄笉瀛樺湪锛�","data":null}


====================Begin Scenario-04: case5:杈撳叆閿欒瀵嗙爜123====================
* SUCCESS When	: login
* FAILURE Then	: checkMsg
====================End Scenario-04: case5:杈撳叆閿欒瀵嗙爜123====================
]]></system-out>
    <system-err><![CDATA[java.lang.RuntimeException: java.lang.AssertionError: expected [鐢ㄦ埛鍚嶄笉瀛樺湪锛乚 but found [瀵嗙爜涓嶆纭紒]
	at org.test4j.tools.commons.ExceptionWrapper.wrapWithRuntimeException(ExceptionWrapper.java:106)
	at org.test4j.tools.reflector.MethodAccessor.invokeUnThrow(MethodAccessor.java:75)
	at org.test4j.spec.scenario.step.SpecMethod.execute(SpecMethod.java:93)
	at org.test4j.spec.JSpecExecutorFactory.runSingleStep(JSpecExecutorFactory.java:210)
	at org.test4j.spec.JSpecExecutorFactory.runScenario(JSpecExecutorFactory.java:178)
	at org.test4j.testng.JSpec.run(JSpec.java:75)
	at sence.loginTest.runScenario(loginTest.java:23)
	at sun.reflect.NativeMethodAccessorImpl.invoke0(Native Method)
	at sun.reflect.NativeMethodAccessorImpl.invoke(NativeMethodAccessorImpl.java:62)
	at sun.reflect.DelegatingMethodAccessorImpl.invoke(DelegatingMethodAccessorImpl.java:43)
	at java.lang.reflect.Method.invoke(Method.java:498)
	at org.testng.internal.MethodInvocationHelper.invokeMethod(MethodInvocationHelper.java:80)
	at org.testng.internal.MethodInvocationHelper$1.runTestMethod(MethodInvocationHelper.java:182)
	at org.test4j.testng.Test4JHookable.run(Test4JHookable.java:56)
	at sun.reflect.NativeMethodAccessorImpl.invoke0(Native Method)
	at sun.reflect.NativeMethodAccessorImpl.invoke(NativeMethodAccessorImpl.java:62)
	at sun.reflect.DelegatingMethodAccessorImpl.invoke(DelegatingMethodAccessorImpl.java:43)
	at java.lang.reflect.Method.invoke(Method.java:498)
	at org.testng.internal.MethodInvocationHelper.invokeHookable(MethodInvocationHelper.java:194)
	at org.testng.internal.Invoker.invokeMethod(Invoker.java:707)
	at org.testng.internal.Invoker.invokeTestMethod(Invoker.java:901)
	at org.testng.internal.Invoker.invokeTestMethods(Invoker.java:1231)
	at org.testng.internal.TestMethodWorker.invokeTestMethods(TestMethodWorker.java:127)
	at org.testng.internal.TestMethodWorker.run(TestMethodWorker.java:111)
	at org.testng.TestRunner.privateRun(TestRunner.java:767)
	at org.testng.TestRunner.run(TestRunner.java:617)
	at org.testng.SuiteRunner.runTest(SuiteRunner.java:334)
	at org.testng.SuiteRunner.runSequentially(SuiteRunner.java:329)
	at org.testng.SuiteRunner.privateRun(SuiteRunner.java:291)
	at org.testng.SuiteRunner.run(SuiteRunner.java:240)
	at org.testng.SuiteRunnerWorker.runSuite(SuiteRunnerWorker.java:52)
	at org.testng.SuiteRunnerWorker.run(SuiteRunnerWorker.java:86)
	at org.testng.TestNG.runSuitesSequentially(TestNG.java:1198)
	at org.testng.TestNG.runSuitesLocally(TestNG.java:1123)
	at org.testng.TestNG.run(TestNG.java:1031)
	at org.apache.maven.surefire.testng.TestNGExecutor.run(TestNGExecutor.java:293)
	at org.apache.maven.surefire.testng.TestNGXmlTestSuite.execute(TestNGXmlTestSuite.java:84)
	at org.apache.maven.surefire.testng.TestNGProvider.invoke(TestNGProvider.java:91)
	at org.apache.maven.surefire.booter.ForkedBooter.invokeProviderInSameClassLoader(ForkedBooter.java:200)
	at org.apache.maven.surefire.booter.ForkedBooter.runSuitesInProcess(ForkedBooter.java:153)
	at org.apache.maven.surefire.booter.ForkedBooter.main(ForkedBooter.java:103)
Caused by: java.lang.AssertionError: expected [鐢ㄦ埛鍚嶄笉瀛樺湪锛乚 but found [瀵嗙爜涓嶆纭紒]
	at org.testng.Assert.fail(Assert.java:94)
	at org.testng.Assert.failNotEquals(Assert.java:494)
	at org.testng.Assert.assertEquals(Assert.java:123)
	at org.testng.Assert.assertEquals(Assert.java:176)
	at org.testng.Assert.assertEquals(Assert.java:186)
	at sence.loginTest.checkMsg(loginTest.java:55)
	at sun.reflect.NativeMethodAccessorImpl.invoke0(Native Method)
	at sun.reflect.NativeMethodAccessorImpl.invoke(NativeMethodAccessorImpl.java:62)
	at sun.reflect.DelegatingMethodAccessorImpl.invoke(DelegatingMethodAccessorImpl.java:43)
	at java.lang.reflect.Method.invoke(Method.java:498)
	at org.test4j.tools.reflector.MethodAccessor.invoke(MethodAccessor.java:49)
	at org.test4j.tools.reflector.MethodAccessor.invokeUnThrow(MethodAccessor.java:72)
	... 39 more
ERROR: Invoke class (sence.loginTest.java:1) method[checkMsg] error:
Invoke spec method[checkMsg] error:java.lang.AssertionError: expected [鐢ㄦ埛鍚嶄笉瀛樺湪锛乚 but found [瀵嗙爜涓嶆纭紒]!
java.lang.RuntimeException: Invoke spec method[checkMsg] error:java.lang.AssertionError: expected [鐢ㄦ埛鍚嶄笉瀛樺湪锛乚 but found [瀵嗙爜涓嶆纭紒]
	at org.test4j.spec.scenario.step.SpecMethod.execute(SpecMethod.java:98)
	at org.test4j.spec.JSpecExecutorFactory.runSingleStep(JSpecExecutorFactory.java:210)
	at org.test4j.spec.JSpecExecutorFactory.runScenario(JSpecExecutorFactory.java:178)
	at org.test4j.testng.JSpec.run(JSpec.java:75)
	at sence.loginTest.runScenario(loginTest.java:23)
	at sun.reflect.NativeMethodAccessorImpl.invoke0(Native Method)
	at sun.reflect.NativeMethodAccessorImpl.invoke(NativeMethodAccessorImpl.java:62)
	at sun.reflect.DelegatingMethodAccessorImpl.invoke(DelegatingMethodAccessorImpl.java:43)
	at java.lang.reflect.Method.invoke(Method.java:498)
	at org.testng.internal.MethodInvocationHelper.invokeMethod(MethodInvocationHelper.java:80)
	at org.testng.internal.MethodInvocationHelper$1.runTestMethod(MethodInvocationHelper.java:182)
	at org.test4j.testng.Test4JHookable.run(Test4JHookable.java:56)
	at sun.reflect.NativeMethodAccessorImpl.invoke0(Native Method)
	at sun.reflect.NativeMethodAccessorImpl.invoke(NativeMethodAccessorImpl.java:62)
	at sun.reflect.DelegatingMethodAccessorImpl.invoke(DelegatingMethodAccessorImpl.java:43)
	at java.lang.reflect.Method.invoke(Method.java:498)
	at org.testng.internal.MethodInvocationHelper.invokeHookable(MethodInvocationHelper.java:194)
	at org.testng.internal.Invoker.invokeMethod(Invoker.java:707)
	at org.testng.internal.Invoker.invokeTestMethod(Invoker.java:901)
	at org.testng.internal.Invoker.invokeTestMethods(Invoker.java:1231)
	at org.testng.internal.TestMethodWorker.invokeTestMethods(TestMethodWorker.java:127)
	at org.testng.internal.TestMethodWorker.run(TestMethodWorker.java:111)
	at org.testng.TestRunner.privateRun(TestRunner.java:767)
	at org.testng.TestRunner.run(TestRunner.java:617)
	at org.testng.SuiteRunner.runTest(SuiteRunner.java:334)
	at org.testng.SuiteRunner.runSequentially(SuiteRunner.java:329)
	at org.testng.SuiteRunner.privateRun(SuiteRunner.java:291)
	at org.testng.SuiteRunner.run(SuiteRunner.java:240)
	at org.testng.SuiteRunnerWorker.runSuite(SuiteRunnerWorker.java:52)
	at org.testng.SuiteRunnerWorker.run(SuiteRunnerWorker.java:86)
	at org.testng.TestNG.runSuitesSequentially(TestNG.java:1198)
	at org.testng.TestNG.runSuitesLocally(TestNG.java:1123)
	at org.testng.TestNG.run(TestNG.java:1031)
	at org.apache.maven.surefire.testng.TestNGExecutor.run(TestNGExecutor.java:293)
	at org.apache.maven.surefire.testng.TestNGXmlTestSuite.execute(TestNGXmlTestSuite.java:84)
	at org.apache.maven.surefire.testng.TestNGProvider.invoke(TestNGProvider.java:91)
	at org.apache.maven.surefire.booter.ForkedBooter.invokeProviderInSameClassLoader(ForkedBooter.java:200)
	at org.apache.maven.surefire.booter.ForkedBooter.runSuitesInProcess(ForkedBooter.java:153)
	at org.apache.maven.surefire.booter.ForkedBooter.main(ForkedBooter.java:103)
Caused by: java.lang.RuntimeException: java.lang.AssertionError: expected [鐢ㄦ埛鍚嶄笉瀛樺湪锛乚 but found [瀵嗙爜涓嶆纭紒]
	at org.test4j.tools.commons.ExceptionWrapper.wrapWithRuntimeException(ExceptionWrapper.java:106)
	at org.test4j.tools.reflector.MethodAccessor.invokeUnThrow(MethodAccessor.java:75)
	at org.test4j.spec.scenario.step.SpecMethod.execute(SpecMethod.java:93)
	... 38 more
Caused by: java.lang.AssertionError: expected [鐢ㄦ埛鍚嶄笉瀛樺湪锛乚 but found [瀵嗙爜涓嶆纭紒]
	at org.testng.Assert.fail(Assert.java:94)
	at org.testng.Assert.failNotEquals(Assert.java:494)
	at org.testng.Assert.assertEquals(Assert.java:123)
	at org.testng.Assert.assertEquals(Assert.java:176)
	at org.testng.Assert.assertEquals(Assert.java:186)
	at sence.loginTest.checkMsg(loginTest.java:55)
	at sun.reflect.NativeMethodAccessorImpl.invoke0(Native Method)
	at sun.reflect.NativeMethodAccessorImpl.invoke(NativeMethodAccessorImpl.java:62)
	at sun.reflect.DelegatingMethodAccessorImpl.invoke(DelegatingMethodAccessorImpl.java:43)
	at java.lang.reflect.Method.invoke(Method.java:498)
	at org.test4j.tools.reflector.MethodAccessor.invoke(MethodAccessor.java:49)
	at org.test4j.tools.reflector.MethodAccessor.invokeUnThrow(MethodAccessor.java:72)
	... 39 more
* FAILURE Then	: checkMsg
	Invoke class (sence.loginTest.java:1) method[checkMsg] error:
Invoke spec method[checkMsg] error:java.lang.AssertionError: expected [鐢ㄦ埛鍚嶄笉瀛樺湪锛乚 but found [瀵嗙爜涓嶆纭紒]!
]]></system-err>
  </testcase>
</testsuite>